<?xml version="1.0" encoding="UTF-8"?>
<robot generator="Robot 3.2.2 (Python 3.8.2 on darwin)" generated="20201010 19:19:20.464" rpa="false">
<suite id="s1" name="Tests" source="/Users/kzha0033/Desktop/workspace/learn-robot-framework/tests">
<suite id="s1-s1" name="Amazon" source="/Users/kzha0033/Desktop/workspace/learn-robot-framework/tests/Amazon.robot">
<test id="s1-s1-t1" name="User must to sign in to check out">
<kw name="Open Browser" library="SeleniumLibrary">
<doc>Opens a new browser instance to the optional ``url``.</doc>
<arguments>
<arg>http://www.amazon.com</arg>
<arg>chrome</arg>
</arguments>
<msg timestamp="20201010 19:19:20.654" level="INFO">Opening browser 'chrome' to base url 'http://www.amazon.com'.</msg>
<status status="PASS" starttime="20201010 19:19:20.654" endtime="20201010 19:19:25.486"></status>
</kw>
<kw name="Wait Until Page Contains Element" library="SeleniumLibrary">
<doc>Waits until the element ``locator`` appears on the current page.</doc>
<arguments>
<arg>xpath=//input[@id="twotabsearchtextbox"]</arg>
</arguments>
<status status="PASS" starttime="20201010 19:19:25.487" endtime="20201010 19:19:25.499"></status>
</kw>
<kw name="Input Text" library="SeleniumLibrary">
<doc>Types the given ``text`` into the text field identified by ``locator``.</doc>
<arguments>
<arg>id=twotabsearchtextbox</arg>
<arg>${product_name}</arg>
</arguments>
<msg timestamp="20201010 19:19:25.499" level="INFO">Typing text 'Ferrari 458' into text field 'id=twotabsearchtextbox'.</msg>
<status status="PASS" starttime="20201010 19:19:25.499" endtime="20201010 19:19:25.760"></status>
</kw>
<kw name="Click Button" library="SeleniumLibrary">
<doc>Clicks the button identified by ``locator``.</doc>
<arguments>
<arg>xpath=//span[@id="nav-search-submit-text"]//input</arg>
</arguments>
<msg timestamp="20201010 19:19:25.761" level="INFO">Clicking button 'xpath=//span[@id="nav-search-submit-text"]//input'.</msg>
<status status="PASS" starttime="20201010 19:19:25.760" endtime="20201010 19:19:27.875"></status>
</kw>
<kw name="Wait Until Page Contains" library="SeleniumLibrary">
<doc>Waits until ``text`` appears on the current page.</doc>
<arguments>
<arg>results for "${product_name}"</arg>
</arguments>
<status status="PASS" starttime="20201010 19:19:27.876" endtime="20201010 19:19:27.923"></status>
</kw>
<kw name="Click Link" library="SeleniumLibrary">
<doc>Clicks a link identified by ``locator``.</doc>
<arguments>
<arg>xpath=//div[contains(@data-component-type, "s-search-result")][1]//a</arg>
</arguments>
<msg timestamp="20201010 19:19:27.923" level="INFO">Clicking link 'xpath=//div[contains(@data-component-type, "s-search-result")][1]//a'.</msg>
<status status="PASS" starttime="20201010 19:19:27.923" endtime="20201010 19:19:30.723"></status>
</kw>
<kw name="Wait Until Page Contains Element" library="SeleniumLibrary">
<doc>Waits until the element ``locator`` appears on the current page.</doc>
<arguments>
<arg>xpath=//a[@id="buybox-see-all-buying-choices-announce"]</arg>
</arguments>
<status status="PASS" starttime="20201010 19:19:30.723" endtime="20201010 19:19:30.793"></status>
</kw>
<kw name="Click Link" library="SeleniumLibrary">
<doc>Clicks a link identified by ``locator``.</doc>
<arguments>
<arg>xpath=//a[@id="buybox-see-all-buying-choices-announce"]</arg>
</arguments>
<msg timestamp="20201010 19:19:30.794" level="INFO">Clicking link 'xpath=//a[@id="buybox-see-all-buying-choices-announce"]'.</msg>
<status status="PASS" starttime="20201010 19:19:30.793" endtime="20201010 19:19:30.958"></status>
</kw>
<kw name="Wait Until Page Contains Element" library="SeleniumLibrary">
<doc>Waits until the element ``locator`` appears on the current page.</doc>
<arguments>
<arg>xpath=//input[contains(@name, "submit.addToCart")]</arg>
</arguments>
<status status="PASS" starttime="20201010 19:19:30.958" endtime="20201010 19:19:33.744"></status>
</kw>
<kw name="Click Button" library="SeleniumLibrary">
<doc>Clicks the button identified by ``locator``.</doc>
<arguments>
<arg>xpath=//input[contains(@name, "submit.addToCart")][1]</arg>
</arguments>
<msg timestamp="20201010 19:19:33.744" level="INFO">Clicking button 'xpath=//input[contains(@name, "submit.addToCart")][1]'.</msg>
<status status="PASS" starttime="20201010 19:19:33.744" endtime="20201010 19:19:35.262"></status>
</kw>
<kw name="Wait Until Page Contains Element" library="SeleniumLibrary">
<doc>Waits until the element ``locator`` appears on the current page.</doc>
<arguments>
<arg>xpath=//a[@id="hlb-ptc-btn-native"]</arg>
</arguments>
<status status="PASS" starttime="20201010 19:19:35.262" endtime="20201010 19:19:35.292"></status>
</kw>
<kw name="Click Link" library="SeleniumLibrary">
<doc>Clicks a link identified by ``locator``.</doc>
<arguments>
<arg>xpath=//a[@id="hlb-ptc-btn-native"]</arg>
</arguments>
<msg timestamp="20201010 19:19:35.293" level="INFO">Clicking link 'xpath=//a[@id="hlb-ptc-btn-native"]'.</msg>
<status status="PASS" starttime="20201010 19:19:35.292" endtime="20201010 19:19:36.231"></status>
</kw>
<kw name="Page Should Contain Element" library="SeleniumLibrary">
<doc>Verifies that element ``locator`` is found on the current page.</doc>
<arguments>
<arg>xpath=//div[@id="authportal-main-section"]</arg>
</arguments>
<msg timestamp="20201010 19:19:36.243" level="INFO">Current page contains element 'xpath=//div[@id="authportal-main-section"]'.</msg>
<status status="PASS" starttime="20201010 19:19:36.232" endtime="20201010 19:19:36.243"></status>
</kw>
<kw name="Element Should Contain" library="SeleniumLibrary">
<doc>Verifies that element ``locator`` contains text ``expected``.</doc>
<arguments>
<arg>xpath=//div[@id="authportal-main-section"]</arg>
<arg>Sign-In</arg>
</arguments>
<msg timestamp="20201010 19:19:36.272" level="INFO">Element 'xpath=//div[@id="authportal-main-section"]' contains text 'Sign-In'.</msg>
<status status="PASS" starttime="20201010 19:19:36.243" endtime="20201010 19:19:36.272"></status>
</kw>
<kw name="Close Browser" library="SeleniumLibrary">
<doc>Closes the current browser.</doc>
<status status="PASS" starttime="20201010 19:19:36.272" endtime="20201010 19:19:36.465"></status>
</kw>
<doc>Only allow signned in user to check out</doc>
<tags>
<tag>Smoke</tag>
</tags>
<status status="PASS" starttime="20201010 19:19:20.653" endtime="20201010 19:19:36.466" critical="yes"></status>
</test>
<doc>This is some basic info about the test suite</doc>
<status status="PASS" starttime="20201010 19:19:20.489" endtime="20201010 19:19:36.467"></status>
</suite>
<status status="PASS" starttime="20201010 19:19:20.466" endtime="20201010 19:19:36.469"></status>
</suite>
<statistics>
<total>
<stat pass="1" fail="0">Critical Tests</stat>
<stat pass="1" fail="0">All Tests</stat>
</total>
<tag>
<stat pass="1" fail="0">Smoke</stat>
</tag>
<suite>
<stat pass="1" fail="0" id="s1" name="Tests">Tests</stat>
<stat pass="1" fail="0" id="s1-s1" name="Amazon">Tests.Amazon</stat>
</suite>
</statistics>
<errors>
</errors>
</robot>
